<!DOCTYPE html>

<html>
  <head>
  <meta charset='utf-8'>
  <title>TestNG reports</title>

    <link type="text/css" href="testng-reports1.css" rel="stylesheet" id="ultra" />
    <link type="text/css" href="testng-reports.css" rel="stylesheet" id="retro" disabled="false"/>
    <script type="text/javascript" src="jquery-3.6.0.min.js"></script>
    <script type="text/javascript" src="testng-reports.js"></script>
    <script type="text/javascript" src="https://www.google.com/jsapi"></script>
    <script type='text/javascript'>
      google.load('visualization', '1', {packages:['table']});
      google.setOnLoadCallback(drawTable);
      var suiteTableInitFunctions = new Array();
      var suiteTableData = new Array();
    </script>
    <!--
      <script type="text/javascript" src="jquery-ui/js/jquery-ui-1.8.16.custom.min.js"></script>
     -->
  </head>

  <body>    <div class="top-banner-root">
      <span class="top-banner-title-font">Test results</span>
      <button id="button" class="button">Switch Retro Theme</button> <!-- button -->
      <br/>
      <span class="top-banner-font-1">1 suite, 4 failed tests</span>
    </div> <!-- top-banner-root -->
    <div class="navigator-root">
      <div class="navigator-suite-header">
        <span>All suites</span>
        <a href="#" title="Collapse/expand all the suites" class="collapse-all-link">
          <img src="collapseall.gif" class="collapse-all-icon">
          </img> <!-- collapse-all-icon -->
        </a> <!-- collapse-all-link -->
      </div> <!-- navigator-suite-header -->
      <div class="suite">
        <div class="rounded-window">
          <div class="suite-header light-rounded-window-top">
            <a href="#" panel-name="suite-Automation_practice_Test_Suite" class="navigator-link">
              <span class="suite-name border-failed">Automation practice Test Suite</span>
            </a> <!-- navigator-link -->
          </div> <!-- suite-header light-rounded-window-top -->
          <div class="navigator-suite-content">
            <div class="suite-section-title">
              <span>Info</span>
            </div> <!-- suite-section-title -->
            <div class="suite-section-content">
              <ul>
                <li>
                  <a href="#" panel-name="test-xml-Automation_practice_Test_Suite" class="navigator-link ">
                    <span>C:\Users\Tanya Narain\eclipse-workspace\selenium_personal_project\testng.xml</span>
                  </a> <!-- navigator-link  -->
                </li>
                <li>
                  <a href="#" panel-name="testlist-Automation_practice_Test_Suite" class="navigator-link ">
                    <span class="test-stats">1 test</span>
                  </a> <!-- navigator-link  -->
                </li>
                <li>
                  <a href="#" panel-name="group-Automation_practice_Test_Suite" class="navigator-link ">
                    <span>2 groups</span>
                  </a> <!-- navigator-link  -->
                </li>
                <li>
                  <a href="#" panel-name="times-Automation_practice_Test_Suite" class="navigator-link ">
                    <span>Times</span>
                  </a> <!-- navigator-link  -->
                </li>
                <li>
                  <a href="#" panel-name="reporter-Automation_practice_Test_Suite" class="navigator-link ">
                    <span>Reporter output</span>
                  </a> <!-- navigator-link  -->
                </li>
                <li>
                  <a href="#" panel-name="ignored-methods-Automation_practice_Test_Suite" class="navigator-link ">
                    <span>Ignored methods</span>
                  </a> <!-- navigator-link  -->
                </li>
                <li>
                  <a href="#" panel-name="chronological-Automation_practice_Test_Suite" class="navigator-link ">
                    <span>Chronological view</span>
                  </a> <!-- navigator-link  -->
                </li>
              </ul>
            </div> <!-- suite-section-content -->
            <div class="result-section">
              <div class="suite-section-title">
                <span>Results</span>
              </div> <!-- suite-section-title -->
              <div class="suite-section-content">
                <ul>
                  <li>
                    <span class="method-stats">15 methods, 4 failed,  6 skipped,  5 passed</span>
                  </li>
                  <li>
                    <span class="method-list-title failed">Failed methods</span>
                    <span class="show-or-hide-methods failed">
                      <a href="#" panel-name="suite-Automation_practice_Test_Suite" class="hide-methods failed suite-Automation_practice_Test_Suite"> (hide)</a> <!-- hide-methods failed suite-Automation_practice_Test_Suite -->
                      <a href="#" panel-name="suite-Automation_practice_Test_Suite" class="show-methods failed suite-Automation_practice_Test_Suite"> (show)</a> <!-- show-methods failed suite-Automation_practice_Test_Suite -->
                    </span>
                    <div class="method-list-content failed suite-Automation_practice_Test_Suite">
                      <span>
                        <img src="failed.png" width="3%"/>
                        <a href="#" panel-name="suite-Automation_practice_Test_Suite" title="com.ui.tests.LoginTest" class="method navigator-link" hash-for-method="LoginCSVTest(User [emailAddress=abhi0037@gmail.com, password=123456890])">LoginCSVTest(User [emailAddress=abhi0037@gmail.com, password=123456890])</a> <!-- method navigator-link -->
                      </span>
                      <br/>
                      <span>
                        <img src="failed.png" width="3%"/>
                        <a href="#" panel-name="suite-Automation_practice_Test_Suite" title="com.ui.tests.LoginTest" class="method navigator-link" hash-for-method="LoginCSVTest(User [emailAddress=uday123@gmail.com, password=1234567890])">LoginCSVTest(User [emailAddress=uday123@gmail.com, password=1234567890])</a> <!-- method navigator-link -->
                      </span>
                      <br/>
                      <span>
                        <img src="failed.png" width="3%"/>
                        <a href="#" panel-name="suite-Automation_practice_Test_Suite" title="com.ui.tests.LoginTestWithInvalidCreds" class="method navigator-link" hash-for-method="LoginCSVTestWithInvalidCreds(User [emailAddress=metod46664@anypng.com, password=123456789])">LoginCSVTestWithInvalidCreds(User [emailAddress=metod46664@anypng.com, password=123456789])</a> <!-- method navigator-link -->
                      </span>
                      <br/>
                      <span>
                        <img src="failed.png" width="3%"/>
                        <a href="#" panel-name="suite-Automation_practice_Test_Suite" title="com.ui.tests.PostLoginAddFirstAddressTest" class="method navigator-link" hash-for-method="addNewAddress">addNewAddress</a> <!-- method navigator-link -->
                      </span>
                      <br/>
                    </div> <!-- method-list-content failed suite-Automation_practice_Test_Suite -->
                  </li>
                  <li>
                    <span class="method-list-title skipped">Retried methods</span>
                    <span class="show-or-hide-methods skipped">
                      <a href="#" panel-name="suite-Automation_practice_Test_Suite" class="hide-methods skipped suite-Automation_practice_Test_Suite"> (hide)</a> <!-- hide-methods skipped suite-Automation_practice_Test_Suite -->
                      <a href="#" panel-name="suite-Automation_practice_Test_Suite" class="show-methods skipped suite-Automation_practice_Test_Suite"> (show)</a> <!-- show-methods skipped suite-Automation_practice_Test_Suite -->
                    </span>
                    <div class="method-list-content skipped suite-Automation_practice_Test_Suite">
                      <span>
                        <img src="skipped.png" width="3%"/>
                        <a href="#" panel-name="suite-Automation_practice_Test_Suite" title="com.ui.tests.LoginTest" class="method navigator-link" hash-for-method="LoginCSVTest(User [emailAddress=uday123@gmail.com, password=1234567890])">LoginCSVTest(User [emailAddress=uday123@gmail.com, password=1234567890])</a> <!-- method navigator-link -->
                      </span>
                      <br/>
                      <span>
                        <img src="skipped.png" width="3%"/>
                        <a href="#" panel-name="suite-Automation_practice_Test_Suite" title="com.ui.tests.LoginTest" class="method navigator-link" hash-for-method="LoginCSVTest(User [emailAddress=abhi0037@gmail.com, password=123456890])">LoginCSVTest(User [emailAddress=abhi0037@gmail.com, password=123456890])</a> <!-- method navigator-link -->
                      </span>
                      <br/>
                      <span>
                        <img src="skipped.png" width="3%"/>
                        <a href="#" panel-name="suite-Automation_practice_Test_Suite" title="com.ui.tests.LoginTest" class="method navigator-link" hash-for-method="LoginCSVTest(User [emailAddress=uday123@gmail.com, password=1234567890])">LoginCSVTest(User [emailAddress=uday123@gmail.com, password=1234567890])</a> <!-- method navigator-link -->
                      </span>
                      <br/>
                      <span>
                        <img src="skipped.png" width="3%"/>
                        <a href="#" panel-name="suite-Automation_practice_Test_Suite" title="com.ui.tests.LoginTest" class="method navigator-link" hash-for-method="LoginCSVTest(User [emailAddress=abhi0037@gmail.com, password=123456890])">LoginCSVTest(User [emailAddress=abhi0037@gmail.com, password=123456890])</a> <!-- method navigator-link -->
                      </span>
                      <br/>
                      <span>
                        <img src="skipped.png" width="3%"/>
                        <a href="#" panel-name="suite-Automation_practice_Test_Suite" title="com.ui.tests.LoginTest" class="method navigator-link" hash-for-method="LoginCSVTest(User [emailAddress=abhi0037@gmail.com, password=123456890])">LoginCSVTest(User [emailAddress=abhi0037@gmail.com, password=123456890])</a> <!-- method navigator-link -->
                      </span>
                      <br/>
                      <span>
                        <img src="skipped.png" width="3%"/>
                        <a href="#" panel-name="suite-Automation_practice_Test_Suite" title="com.ui.tests.LoginTest" class="method navigator-link" hash-for-method="LoginCSVTest(User [emailAddress=uday123@gmail.com, password=1234567890])">LoginCSVTest(User [emailAddress=uday123@gmail.com, password=1234567890])</a> <!-- method navigator-link -->
                      </span>
                      <br/>
                    </div> <!-- method-list-content skipped suite-Automation_practice_Test_Suite -->
                  </li>
                  <li>
                    <span class="method-list-title passed">Passed methods</span>
                    <span class="show-or-hide-methods passed">
                      <a href="#" panel-name="suite-Automation_practice_Test_Suite" class="hide-methods passed suite-Automation_practice_Test_Suite"> (hide)</a> <!-- hide-methods passed suite-Automation_practice_Test_Suite -->
                      <a href="#" panel-name="suite-Automation_practice_Test_Suite" class="show-methods passed suite-Automation_practice_Test_Suite"> (show)</a> <!-- show-methods passed suite-Automation_practice_Test_Suite -->
                    </span>
                    <div class="method-list-content passed suite-Automation_practice_Test_Suite">
                      <span>
                        <img src="passed.png" width="3%"/>
                        <a href="#" panel-name="suite-Automation_practice_Test_Suite" title="com.ui.tests.LoginTest" class="method navigator-link" hash-for-method="LoginCSVTest(User [emailAddress=metod46664@anypng.com, password=123456789])">LoginCSVTest(User [emailAddress=metod46664@anypng.com, password=123456789])</a> <!-- method navigator-link -->
                      </span>
                      <br/>
                      <span>
                        <img src="passed.png" width="3%"/>
                        <a href="#" panel-name="suite-Automation_practice_Test_Suite" title="com.ui.tests.LoginTestWithInvalidCreds" class="method navigator-link" hash-for-method="LoginCSVTestWithInvalidCreds(User [emailAddress=uday123@gmail.com, password=1234567890])">LoginCSVTestWithInvalidCreds(User [emailAddress=uday123@gmail.com, password=1234567890])</a> <!-- method navigator-link -->
                      </span>
                      <br/>
                      <span>
                        <img src="passed.png" width="3%"/>
                        <a href="#" panel-name="suite-Automation_practice_Test_Suite" title="com.ui.tests.LoginTestWithInvalidCreds" class="method navigator-link" hash-for-method="LoginCSVTestWithInvalidCreds(User [emailAddress=abhi0037@gmail.com, password=123456890])">LoginCSVTestWithInvalidCreds(User [emailAddress=abhi0037@gmail.com, password=123456890])</a> <!-- method navigator-link -->
                      </span>
                      <br/>
                      <span>
                        <img src="passed.png" width="3%"/>
                        <a href="#" panel-name="suite-Automation_practice_Test_Suite" title="com.ui.tests.SearchedProductCheckoutTest" class="method navigator-link" hash-for-method="checkoutTest">checkoutTest</a> <!-- method navigator-link -->
                      </span>
                      <br/>
                      <span>
                        <img src="passed.png" width="3%"/>
                        <a href="#" panel-name="suite-Automation_practice_Test_Suite" title="com.ui.tests.ProductSearchTest" class="method navigator-link" hash-for-method="verifyProductSearchTest">verifyProductSearchTest</a> <!-- method navigator-link -->
                      </span>
                      <br/>
                    </div> <!-- method-list-content passed suite-Automation_practice_Test_Suite -->
                  </li>
                </ul>
              </div> <!-- suite-section-content -->
            </div> <!-- result-section -->
          </div> <!-- navigator-suite-content -->
        </div> <!-- rounded-window -->
      </div> <!-- suite -->
    </div> <!-- navigator-root -->
    <div class="wrapper">
      <div class="main-panel-root">
        <div panel-name="suite-Automation_practice_Test_Suite" class="panel Automation_practice_Test_Suite">
          <div class="suite-Automation_practice_Test_Suite-class-failed">
            <div class="main-panel-header rounded-window-top">
              <img src="failed.png"/>
              <span class="class-name">com.ui.tests.PostLoginAddFirstAddressTest</span>
            </div> <!-- main-panel-header rounded-window-top -->
            <div class="main-panel-content rounded-window-bottom">
              <div class="method">
                <div class="method-content">
                  <a name="addNewAddress">
                  </a> <!-- addNewAddress -->
                  <span class="method-name">addNewAddress</span>
                  <div class="stack-trace">org.openqa.selenium.TimeoutException: Expected condition failed: waiting for visibility of element located by By.xpath: //a[contains(@title,&apos;first address&apos;)] (tried for 30 second(s) with 500 milliseconds interval)
Build info: version: &apos;4.24.0&apos;, revision: &apos;748ffc9bc3&apos;
System info: os.name: &apos;Windows 11&apos;, os.arch: &apos;amd64&apos;, os.version: &apos;10.0&apos;, java.version: &apos;21.0.2&apos;
Driver info: org.openqa.selenium.chrome.ChromeDriver
Capabilities {acceptInsecureCerts: false, browserName: chrome-headless-shell, browserVersion: 131.0.6778.265, chrome: {chromedriverVersion: 131.0.6778.264 (2d05e315153..., userDataDir: C:\Users\TANYAN~1\AppData\L...}, fedcm:accounts: true, goog:chromeOptions: {debuggerAddress: localhost:56656}, networkConnectionEnabled: false, pageLoadStrategy: normal, platformName: windows, proxy: Proxy(), se:cdp: ws://localhost:56656/devtoo..., se:cdpVersion: 131.0.6778.265, setWindowRect: true, strictFileInteractability: false, timeouts: {implicit: 0, pageLoad: 300000, script: 30000}, unhandledPromptBehavior: dismiss and notify, webauthn:extension:credBlob: true, webauthn:extension:largeBlob: true, webauthn:extension:minPinLength: true, webauthn:extension:prf: true, webauthn:virtualAuthenticators: true}
Session ID: b827048218c58c07860dbb47205ba6ee
	at org.openqa.selenium.support.ui.WebDriverWait.timeoutException(WebDriverWait.java:84)
	at org.openqa.selenium.support.ui.FluentWait.until(FluentWait.java:228)
	at com.ui.utilities.BrowserUtility.clickOn(BrowserUtility.java:108)
	at com.ui.pages.MyAccountPage.goToAddAddressPage(MyAccountPage.java:31)
	at com.ui.tests.PostLoginAddFirstAddressTest.addNewAddress(PostLoginAddFirstAddressTest.java:22)
	at java.base/java.util.concurrent.ThreadPoolExecutor.runWorker(ThreadPoolExecutor.java:1144)
	at java.base/java.util.concurrent.ThreadPoolExecutor$Worker.run(ThreadPoolExecutor.java:642)
	at java.base/java.lang.Thread.run(Thread.java:1583)
... Removed 10 stack frames
</div> <!-- stack-trace -->
                </div> <!-- method-content -->
              </div> <!-- method -->
            </div> <!-- main-panel-content rounded-window-bottom -->
          </div> <!-- suite-Automation_practice_Test_Suite-class-failed -->
          <div class="suite-Automation_practice_Test_Suite-class-failed">
            <div class="main-panel-header rounded-window-top">
              <img src="failed.png"/>
              <span class="class-name">com.ui.tests.LoginTestWithInvalidCreds</span>
            </div> <!-- main-panel-header rounded-window-top -->
            <div class="main-panel-content rounded-window-bottom">
              <div class="method">
                <div class="method-content">
                  <a name="LoginCSVTestWithInvalidCreds(User [emailAddress=metod46664@anypng.com, password=123456789])">
                  </a> <!-- LoginCSVTestWithInvalidCreds(User [emailAddress=metod46664@anypng.com, password=123456789]) -->
                  <span class="method-name">LoginCSVTestWithInvalidCreds</span>
                  <span class="parameters">(User [emailAddress=metod46664@anypng.com, password=123456789])</span>
                  <div class="stack-trace">org.openqa.selenium.TimeoutException: Expected condition failed: waiting for visibility of element located by By.xpath: //div[contains(@class,&apos;alert-danger&apos;)]//ol//li (tried for 30 second(s) with 500 milliseconds interval)
Build info: version: &apos;4.24.0&apos;, revision: &apos;748ffc9bc3&apos;
System info: os.name: &apos;Windows 11&apos;, os.arch: &apos;amd64&apos;, os.version: &apos;10.0&apos;, java.version: &apos;21.0.2&apos;
Driver info: org.openqa.selenium.chrome.ChromeDriver
Capabilities {acceptInsecureCerts: false, browserName: chrome-headless-shell, browserVersion: 131.0.6778.265, chrome: {chromedriverVersion: 131.0.6778.264 (2d05e315153..., userDataDir: C:\Users\TANYAN~1\AppData\L...}, fedcm:accounts: true, goog:chromeOptions: {debuggerAddress: localhost:56735}, networkConnectionEnabled: false, pageLoadStrategy: normal, platformName: windows, proxy: Proxy(), se:cdp: ws://localhost:56735/devtoo..., se:cdpVersion: 131.0.6778.265, setWindowRect: true, strictFileInteractability: false, timeouts: {implicit: 0, pageLoad: 300000, script: 30000}, unhandledPromptBehavior: dismiss and notify, webauthn:extension:credBlob: true, webauthn:extension:largeBlob: true, webauthn:extension:minPinLength: true, webauthn:extension:prf: true, webauthn:virtualAuthenticators: true}
Session ID: c8799bd2d14dbce5dbc7c6759dceba79
	at org.openqa.selenium.support.ui.WebDriverWait.timeoutException(WebDriverWait.java:84)
	at org.openqa.selenium.support.ui.FluentWait.until(FluentWait.java:228)
	at com.ui.utilities.BrowserUtility.getStringValue(BrowserUtility.java:141)
	at com.ui.pages.LogInPage.getErrorMessage(LogInPage.java:37)
	at com.ui.tests.LoginTestWithInvalidCreds.LoginCSVTestWithInvalidCreds(LoginTestWithInvalidCreds.java:19)
	at java.base/java.util.concurrent.ThreadPoolExecutor.runWorker(ThreadPoolExecutor.java:1144)
	at java.base/java.util.concurrent.ThreadPoolExecutor$Worker.run(ThreadPoolExecutor.java:642)
	at java.base/java.lang.Thread.run(Thread.java:1583)
... Removed 10 stack frames
</div> <!-- stack-trace -->
                  <em>
(Verify proper error message is shown when the user try to login with invalid credentials)                  </em>
                </div> <!-- method-content -->
              </div> <!-- method -->
            </div> <!-- main-panel-content rounded-window-bottom -->
          </div> <!-- suite-Automation_practice_Test_Suite-class-failed -->
          <div class="suite-Automation_practice_Test_Suite-class-failed">
            <div class="main-panel-header rounded-window-top">
              <img src="failed.png"/>
              <span class="class-name">com.ui.tests.LoginTest</span>
            </div> <!-- main-panel-header rounded-window-top -->
            <div class="main-panel-content rounded-window-bottom">
              <div class="method">
                <div class="method-content">
                  <a name="LoginCSVTest(User [emailAddress=abhi0037@gmail.com, password=123456890])">
                  </a> <!-- LoginCSVTest(User [emailAddress=abhi0037@gmail.com, password=123456890]) -->
                  <span class="method-name">LoginCSVTest</span>
                  <span class="parameters">(User [emailAddress=abhi0037@gmail.com, password=123456890])</span>
                  <div class="stack-trace">org.openqa.selenium.TimeoutException: Expected condition failed: waiting for visibility of element located by By.xpath: //a[@title=&apos;View my customer account&apos;] (tried for 30 second(s) with 500 milliseconds interval)
Build info: version: &apos;4.24.0&apos;, revision: &apos;748ffc9bc3&apos;
System info: os.name: &apos;Windows 11&apos;, os.arch: &apos;amd64&apos;, os.version: &apos;10.0&apos;, java.version: &apos;21.0.2&apos;
Driver info: org.openqa.selenium.chrome.ChromeDriver
Capabilities {acceptInsecureCerts: false, browserName: chrome-headless-shell, browserVersion: 131.0.6778.265, chrome: {chromedriverVersion: 131.0.6778.264 (2d05e315153..., userDataDir: C:\Users\TANYAN~1\AppData\L...}, fedcm:accounts: true, goog:chromeOptions: {debuggerAddress: localhost:56868}, networkConnectionEnabled: false, pageLoadStrategy: normal, platformName: windows, proxy: Proxy(), se:cdp: ws://localhost:56868/devtoo..., se:cdpVersion: 131.0.6778.265, setWindowRect: true, strictFileInteractability: false, timeouts: {implicit: 0, pageLoad: 300000, script: 30000}, unhandledPromptBehavior: dismiss and notify, webauthn:extension:credBlob: true, webauthn:extension:largeBlob: true, webauthn:extension:minPinLength: true, webauthn:extension:prf: true, webauthn:virtualAuthenticators: true}
Session ID: 8f323c94ea9912899536b4a5a9805cdc
	at org.openqa.selenium.support.ui.WebDriverWait.timeoutException(WebDriverWait.java:84)
	at org.openqa.selenium.support.ui.FluentWait.until(FluentWait.java:228)
	at com.ui.utilities.BrowserUtility.getStringValue(BrowserUtility.java:141)
	at com.ui.pages.MyAccountPage.verifyUserName(MyAccountPage.java:20)
	at com.ui.tests.LoginTest.LoginCSVTest(LoginTest.java:17)
	at java.base/java.util.concurrent.ThreadPoolExecutor.runWorker(ThreadPoolExecutor.java:1144)
	at java.base/java.util.concurrent.ThreadPoolExecutor$Worker.run(ThreadPoolExecutor.java:642)
	at java.base/java.lang.Thread.run(Thread.java:1583)
... Removed 10 stack frames
</div> <!-- stack-trace -->
                  <em>
(Verify valid user is able to login into the application)                  </em>
                </div> <!-- method-content -->
              </div> <!-- method -->
              <div class="method">
                <div class="method-content">
                  <a name="LoginCSVTest(User [emailAddress=uday123@gmail.com, password=1234567890])">
                  </a> <!-- LoginCSVTest(User [emailAddress=uday123@gmail.com, password=1234567890]) -->
                  <span class="method-name">LoginCSVTest</span>
                  <span class="parameters">(User [emailAddress=uday123@gmail.com, password=1234567890])</span>
                  <div class="stack-trace">org.openqa.selenium.TimeoutException: Expected condition failed: waiting for visibility of element located by By.xpath: //a[@title=&apos;View my customer account&apos;] (tried for 30 second(s) with 500 milliseconds interval)
Build info: version: &apos;4.24.0&apos;, revision: &apos;748ffc9bc3&apos;
System info: os.name: &apos;Windows 11&apos;, os.arch: &apos;amd64&apos;, os.version: &apos;10.0&apos;, java.version: &apos;21.0.2&apos;
Driver info: org.openqa.selenium.chrome.ChromeDriver
Capabilities {acceptInsecureCerts: false, browserName: chrome-headless-shell, browserVersion: 131.0.6778.265, chrome: {chromedriverVersion: 131.0.6778.264 (2d05e315153..., userDataDir: C:\Users\TANYAN~1\AppData\L...}, fedcm:accounts: true, goog:chromeOptions: {debuggerAddress: localhost:57005}, networkConnectionEnabled: false, pageLoadStrategy: normal, platformName: windows, proxy: Proxy(), se:cdp: ws://localhost:57005/devtoo..., se:cdpVersion: 131.0.6778.265, setWindowRect: true, strictFileInteractability: false, timeouts: {implicit: 0, pageLoad: 300000, script: 30000}, unhandledPromptBehavior: dismiss and notify, webauthn:extension:credBlob: true, webauthn:extension:largeBlob: true, webauthn:extension:minPinLength: true, webauthn:extension:prf: true, webauthn:virtualAuthenticators: true}
Session ID: b43a03443ea726de6dbb0cf9ab3dcb3b
	at org.openqa.selenium.support.ui.WebDriverWait.timeoutException(WebDriverWait.java:84)
	at org.openqa.selenium.support.ui.FluentWait.until(FluentWait.java:228)
	at com.ui.utilities.BrowserUtility.getStringValue(BrowserUtility.java:141)
	at com.ui.pages.MyAccountPage.verifyUserName(MyAccountPage.java:20)
	at com.ui.tests.LoginTest.LoginCSVTest(LoginTest.java:17)
	at java.base/java.util.concurrent.ThreadPoolExecutor.runWorker(ThreadPoolExecutor.java:1144)
	at java.base/java.util.concurrent.ThreadPoolExecutor$Worker.run(ThreadPoolExecutor.java:642)
	at java.base/java.lang.Thread.run(Thread.java:1583)
... Removed 10 stack frames
</div> <!-- stack-trace -->
                  <em>
(Verify valid user is able to login into the application)                  </em>
                </div> <!-- method-content -->
              </div> <!-- method -->
            </div> <!-- main-panel-content rounded-window-bottom -->
          </div> <!-- suite-Automation_practice_Test_Suite-class-failed -->
          <div class="suite-Automation_practice_Test_Suite-class-skipped">
            <div class="main-panel-header rounded-window-top">
              <img src="skipped.png"/>
              <span class="class-name">com.ui.tests.LoginTest</span>
            </div> <!-- main-panel-header rounded-window-top -->
            <div class="main-panel-content rounded-window-bottom">
              <div class="method">
                <div class="method-content">
                  <a name="LoginCSVTest(User [emailAddress=uday123@gmail.com, password=1234567890])">
                  </a> <!-- LoginCSVTest(User [emailAddress=uday123@gmail.com, password=1234567890]) -->
                  <span class="method-name">LoginCSVTest</span>
                  <span class="parameters">(User [emailAddress=uday123@gmail.com, password=1234567890])</span>
                  <div class="stack-trace">org.openqa.selenium.TimeoutException: Expected condition failed: waiting for visibility of element located by By.xpath: //a[@title=&apos;View my customer account&apos;] (tried for 30 second(s) with 500 milliseconds interval)
Build info: version: &apos;4.24.0&apos;, revision: &apos;748ffc9bc3&apos;
System info: os.name: &apos;Windows 11&apos;, os.arch: &apos;amd64&apos;, os.version: &apos;10.0&apos;, java.version: &apos;21.0.2&apos;
Driver info: org.openqa.selenium.chrome.ChromeDriver
Capabilities {acceptInsecureCerts: false, browserName: chrome-headless-shell, browserVersion: 131.0.6778.265, chrome: {chromedriverVersion: 131.0.6778.264 (2d05e315153..., userDataDir: C:\Users\TANYAN~1\AppData\L...}, fedcm:accounts: true, goog:chromeOptions: {debuggerAddress: localhost:56977}, networkConnectionEnabled: false, pageLoadStrategy: normal, platformName: windows, proxy: Proxy(), se:cdp: ws://localhost:56977/devtoo..., se:cdpVersion: 131.0.6778.265, setWindowRect: true, strictFileInteractability: false, timeouts: {implicit: 0, pageLoad: 300000, script: 30000}, unhandledPromptBehavior: dismiss and notify, webauthn:extension:credBlob: true, webauthn:extension:largeBlob: true, webauthn:extension:minPinLength: true, webauthn:extension:prf: true, webauthn:virtualAuthenticators: true}
Session ID: 98bde629de1d3b3e1a4cc29fc1448aa8
	at org.openqa.selenium.support.ui.WebDriverWait.timeoutException(WebDriverWait.java:84)
	at org.openqa.selenium.support.ui.FluentWait.until(FluentWait.java:228)
	at com.ui.utilities.BrowserUtility.getStringValue(BrowserUtility.java:141)
	at com.ui.pages.MyAccountPage.verifyUserName(MyAccountPage.java:20)
	at com.ui.tests.LoginTest.LoginCSVTest(LoginTest.java:17)
	at java.base/java.util.concurrent.ThreadPoolExecutor.runWorker(ThreadPoolExecutor.java:1144)
	at java.base/java.util.concurrent.ThreadPoolExecutor$Worker.run(ThreadPoolExecutor.java:642)
	at java.base/java.lang.Thread.run(Thread.java:1583)
... Removed 10 stack frames
</div> <!-- stack-trace -->
                  <em>
(Verify valid user is able to login into the application)                  </em>
                </div> <!-- method-content -->
              </div> <!-- method -->
              <div class="method">
                <div class="method-content">
                  <a name="LoginCSVTest(User [emailAddress=abhi0037@gmail.com, password=123456890])">
                  </a> <!-- LoginCSVTest(User [emailAddress=abhi0037@gmail.com, password=123456890]) -->
                  <span class="method-name">LoginCSVTest</span>
                  <span class="parameters">(User [emailAddress=abhi0037@gmail.com, password=123456890])</span>
                  <div class="stack-trace">org.openqa.selenium.TimeoutException: Expected condition failed: waiting for visibility of element located by By.xpath: //a[@title=&apos;View my customer account&apos;] (tried for 30 second(s) with 500 milliseconds interval)
Build info: version: &apos;4.24.0&apos;, revision: &apos;748ffc9bc3&apos;
System info: os.name: &apos;Windows 11&apos;, os.arch: &apos;amd64&apos;, os.version: &apos;10.0&apos;, java.version: &apos;21.0.2&apos;
Driver info: org.openqa.selenium.chrome.ChromeDriver
Capabilities {acceptInsecureCerts: false, browserName: chrome-headless-shell, browserVersion: 131.0.6778.265, chrome: {chromedriverVersion: 131.0.6778.264 (2d05e315153..., userDataDir: C:\Users\TANYAN~1\AppData\L...}, fedcm:accounts: true, goog:chromeOptions: {debuggerAddress: localhost:56655}, networkConnectionEnabled: false, pageLoadStrategy: normal, platformName: windows, proxy: Proxy(), se:cdp: ws://localhost:56655/devtoo..., se:cdpVersion: 131.0.6778.265, setWindowRect: true, strictFileInteractability: false, timeouts: {implicit: 0, pageLoad: 300000, script: 30000}, unhandledPromptBehavior: dismiss and notify, webauthn:extension:credBlob: true, webauthn:extension:largeBlob: true, webauthn:extension:minPinLength: true, webauthn:extension:prf: true, webauthn:virtualAuthenticators: true}
Session ID: 98285d85790f9588edf1da0061e59b48
	at org.openqa.selenium.support.ui.WebDriverWait.timeoutException(WebDriverWait.java:84)
	at org.openqa.selenium.support.ui.FluentWait.until(FluentWait.java:228)
	at com.ui.utilities.BrowserUtility.getStringValue(BrowserUtility.java:141)
	at com.ui.pages.MyAccountPage.verifyUserName(MyAccountPage.java:20)
	at com.ui.tests.LoginTest.LoginCSVTest(LoginTest.java:17)
	at java.base/java.util.concurrent.ThreadPoolExecutor.runWorker(ThreadPoolExecutor.java:1144)
	at java.base/java.util.concurrent.ThreadPoolExecutor$Worker.run(ThreadPoolExecutor.java:642)
	at java.base/java.lang.Thread.run(Thread.java:1583)
... Removed 10 stack frames
</div> <!-- stack-trace -->
                  <em>
(Verify valid user is able to login into the application)                  </em>
                </div> <!-- method-content -->
              </div> <!-- method -->
              <div class="method">
                <div class="method-content">
                  <a name="LoginCSVTest(User [emailAddress=uday123@gmail.com, password=1234567890])">
                  </a> <!-- LoginCSVTest(User [emailAddress=uday123@gmail.com, password=1234567890]) -->
                  <span class="method-name">LoginCSVTest</span>
                  <span class="parameters">(User [emailAddress=uday123@gmail.com, password=1234567890])</span>
                  <div class="stack-trace">org.openqa.selenium.TimeoutException: Expected condition failed: waiting for visibility of element located by By.xpath: //a[@title=&apos;View my customer account&apos;] (tried for 30 second(s) with 500 milliseconds interval)
Build info: version: &apos;4.24.0&apos;, revision: &apos;748ffc9bc3&apos;
System info: os.name: &apos;Windows 11&apos;, os.arch: &apos;amd64&apos;, os.version: &apos;10.0&apos;, java.version: &apos;21.0.2&apos;
Driver info: org.openqa.selenium.chrome.ChromeDriver
Capabilities {acceptInsecureCerts: false, browserName: chrome-headless-shell, browserVersion: 131.0.6778.265, chrome: {chromedriverVersion: 131.0.6778.264 (2d05e315153..., userDataDir: C:\Users\TANYAN~1\AppData\L...}, fedcm:accounts: true, goog:chromeOptions: {debuggerAddress: localhost:56918}, networkConnectionEnabled: false, pageLoadStrategy: normal, platformName: windows, proxy: Proxy(), se:cdp: ws://localhost:56918/devtoo..., se:cdpVersion: 131.0.6778.265, setWindowRect: true, strictFileInteractability: false, timeouts: {implicit: 0, pageLoad: 300000, script: 30000}, unhandledPromptBehavior: dismiss and notify, webauthn:extension:credBlob: true, webauthn:extension:largeBlob: true, webauthn:extension:minPinLength: true, webauthn:extension:prf: true, webauthn:virtualAuthenticators: true}
Session ID: 0a7a585ed6899584f97274a2d62a161f
	at org.openqa.selenium.support.ui.WebDriverWait.timeoutException(WebDriverWait.java:84)
	at org.openqa.selenium.support.ui.FluentWait.until(FluentWait.java:228)
	at com.ui.utilities.BrowserUtility.getStringValue(BrowserUtility.java:141)
	at com.ui.pages.MyAccountPage.verifyUserName(MyAccountPage.java:20)
	at com.ui.tests.LoginTest.LoginCSVTest(LoginTest.java:17)
	at java.base/java.util.concurrent.ThreadPoolExecutor.runWorker(ThreadPoolExecutor.java:1144)
	at java.base/java.util.concurrent.ThreadPoolExecutor$Worker.run(ThreadPoolExecutor.java:642)
	at java.base/java.lang.Thread.run(Thread.java:1583)
... Removed 10 stack frames
</div> <!-- stack-trace -->
                  <em>
(Verify valid user is able to login into the application)                  </em>
                </div> <!-- method-content -->
              </div> <!-- method -->
              <div class="method">
                <div class="method-content">
                  <a name="LoginCSVTest(User [emailAddress=abhi0037@gmail.com, password=123456890])">
                  </a> <!-- LoginCSVTest(User [emailAddress=abhi0037@gmail.com, password=123456890]) -->
                  <span class="method-name">LoginCSVTest</span>
                  <span class="parameters">(User [emailAddress=abhi0037@gmail.com, password=123456890])</span>
                  <div class="stack-trace">org.openqa.selenium.TimeoutException: Expected condition failed: waiting for visibility of element located by By.xpath: //a[@title=&apos;View my customer account&apos;] (tried for 30 second(s) with 500 milliseconds interval)
Build info: version: &apos;4.24.0&apos;, revision: &apos;748ffc9bc3&apos;
System info: os.name: &apos;Windows 11&apos;, os.arch: &apos;amd64&apos;, os.version: &apos;10.0&apos;, java.version: &apos;21.0.2&apos;
Driver info: org.openqa.selenium.chrome.ChromeDriver
Capabilities {acceptInsecureCerts: false, browserName: chrome-headless-shell, browserVersion: 131.0.6778.265, chrome: {chromedriverVersion: 131.0.6778.264 (2d05e315153..., userDataDir: C:\Users\TANYAN~1\AppData\L...}, fedcm:accounts: true, goog:chromeOptions: {debuggerAddress: localhost:56782}, networkConnectionEnabled: false, pageLoadStrategy: normal, platformName: windows, proxy: Proxy(), se:cdp: ws://localhost:56782/devtoo..., se:cdpVersion: 131.0.6778.265, setWindowRect: true, strictFileInteractability: false, timeouts: {implicit: 0, pageLoad: 300000, script: 30000}, unhandledPromptBehavior: dismiss and notify, webauthn:extension:credBlob: true, webauthn:extension:largeBlob: true, webauthn:extension:minPinLength: true, webauthn:extension:prf: true, webauthn:virtualAuthenticators: true}
Session ID: 43933e538f1b7362d4f271ae4ee38a18
	at org.openqa.selenium.support.ui.WebDriverWait.timeoutException(WebDriverWait.java:84)
	at org.openqa.selenium.support.ui.FluentWait.until(FluentWait.java:228)
	at com.ui.utilities.BrowserUtility.getStringValue(BrowserUtility.java:141)
	at com.ui.pages.MyAccountPage.verifyUserName(MyAccountPage.java:20)
	at com.ui.tests.LoginTest.LoginCSVTest(LoginTest.java:17)
	at java.base/java.util.concurrent.ThreadPoolExecutor.runWorker(ThreadPoolExecutor.java:1144)
	at java.base/java.util.concurrent.ThreadPoolExecutor$Worker.run(ThreadPoolExecutor.java:642)
	at java.base/java.lang.Thread.run(Thread.java:1583)
... Removed 10 stack frames
</div> <!-- stack-trace -->
                  <em>
(Verify valid user is able to login into the application)                  </em>
                </div> <!-- method-content -->
              </div> <!-- method -->
              <div class="method">
                <div class="method-content">
                  <a name="LoginCSVTest(User [emailAddress=abhi0037@gmail.com, password=123456890])">
                  </a> <!-- LoginCSVTest(User [emailAddress=abhi0037@gmail.com, password=123456890]) -->
                  <span class="method-name">LoginCSVTest</span>
                  <span class="parameters">(User [emailAddress=abhi0037@gmail.com, password=123456890])</span>
                  <div class="stack-trace">org.openqa.selenium.TimeoutException: Expected condition failed: waiting for visibility of element located by By.xpath: //a[@title=&apos;View my customer account&apos;] (tried for 30 second(s) with 500 milliseconds interval)
Build info: version: &apos;4.24.0&apos;, revision: &apos;748ffc9bc3&apos;
System info: os.name: &apos;Windows 11&apos;, os.arch: &apos;amd64&apos;, os.version: &apos;10.0&apos;, java.version: &apos;21.0.2&apos;
Driver info: org.openqa.selenium.chrome.ChromeDriver
Capabilities {acceptInsecureCerts: false, browserName: chrome-headless-shell, browserVersion: 131.0.6778.265, chrome: {chromedriverVersion: 131.0.6778.264 (2d05e315153..., userDataDir: C:\Users\TANYAN~1\AppData\L...}, fedcm:accounts: true, goog:chromeOptions: {debuggerAddress: localhost:56837}, networkConnectionEnabled: false, pageLoadStrategy: normal, platformName: windows, proxy: Proxy(), se:cdp: ws://localhost:56837/devtoo..., se:cdpVersion: 131.0.6778.265, setWindowRect: true, strictFileInteractability: false, timeouts: {implicit: 0, pageLoad: 300000, script: 30000}, unhandledPromptBehavior: dismiss and notify, webauthn:extension:credBlob: true, webauthn:extension:largeBlob: true, webauthn:extension:minPinLength: true, webauthn:extension:prf: true, webauthn:virtualAuthenticators: true}
Session ID: 6860cef20a95f6fab6bf0912ce6dfec0
	at org.openqa.selenium.support.ui.WebDriverWait.timeoutException(WebDriverWait.java:84)
	at org.openqa.selenium.support.ui.FluentWait.until(FluentWait.java:228)
	at com.ui.utilities.BrowserUtility.getStringValue(BrowserUtility.java:141)
	at com.ui.pages.MyAccountPage.verifyUserName(MyAccountPage.java:20)
	at com.ui.tests.LoginTest.LoginCSVTest(LoginTest.java:17)
	at java.base/java.util.concurrent.ThreadPoolExecutor.runWorker(ThreadPoolExecutor.java:1144)
	at java.base/java.util.concurrent.ThreadPoolExecutor$Worker.run(ThreadPoolExecutor.java:642)
	at java.base/java.lang.Thread.run(Thread.java:1583)
... Removed 10 stack frames
</div> <!-- stack-trace -->
                  <em>
(Verify valid user is able to login into the application)                  </em>
                </div> <!-- method-content -->
              </div> <!-- method -->
              <div class="method">
                <div class="method-content">
                  <a name="LoginCSVTest(User [emailAddress=uday123@gmail.com, password=1234567890])">
                  </a> <!-- LoginCSVTest(User [emailAddress=uday123@gmail.com, password=1234567890]) -->
                  <span class="method-name">LoginCSVTest</span>
                  <span class="parameters">(User [emailAddress=uday123@gmail.com, password=1234567890])</span>
                  <div class="stack-trace">org.openqa.selenium.TimeoutException: Expected condition failed: waiting for visibility of element located by By.xpath: //a[@title=&apos;View my customer account&apos;] (tried for 30 second(s) with 500 milliseconds interval)
Build info: version: &apos;4.24.0&apos;, revision: &apos;748ffc9bc3&apos;
System info: os.name: &apos;Windows 11&apos;, os.arch: &apos;amd64&apos;, os.version: &apos;10.0&apos;, java.version: &apos;21.0.2&apos;
Driver info: org.openqa.selenium.chrome.ChromeDriver
Capabilities {acceptInsecureCerts: false, browserName: chrome-headless-shell, browserVersion: 131.0.6778.265, chrome: {chromedriverVersion: 131.0.6778.264 (2d05e315153..., userDataDir: C:\Users\TANYAN~1\AppData\L...}, fedcm:accounts: true, goog:chromeOptions: {debuggerAddress: localhost:56947}, networkConnectionEnabled: false, pageLoadStrategy: normal, platformName: windows, proxy: Proxy(), se:cdp: ws://localhost:56947/devtoo..., se:cdpVersion: 131.0.6778.265, setWindowRect: true, strictFileInteractability: false, timeouts: {implicit: 0, pageLoad: 300000, script: 30000}, unhandledPromptBehavior: dismiss and notify, webauthn:extension:credBlob: true, webauthn:extension:largeBlob: true, webauthn:extension:minPinLength: true, webauthn:extension:prf: true, webauthn:virtualAuthenticators: true}
Session ID: 3b1fe57e5b0a4d417d62d84f1292e00a
	at org.openqa.selenium.support.ui.WebDriverWait.timeoutException(WebDriverWait.java:84)
	at org.openqa.selenium.support.ui.FluentWait.until(FluentWait.java:228)
	at com.ui.utilities.BrowserUtility.getStringValue(BrowserUtility.java:141)
	at com.ui.pages.MyAccountPage.verifyUserName(MyAccountPage.java:20)
	at com.ui.tests.LoginTest.LoginCSVTest(LoginTest.java:17)
	at java.base/java.util.concurrent.ThreadPoolExecutor.runWorker(ThreadPoolExecutor.java:1144)
	at java.base/java.util.concurrent.ThreadPoolExecutor$Worker.run(ThreadPoolExecutor.java:642)
	at java.base/java.lang.Thread.run(Thread.java:1583)
... Removed 10 stack frames
</div> <!-- stack-trace -->
                  <em>
(Verify valid user is able to login into the application)                  </em>
                </div> <!-- method-content -->
              </div> <!-- method -->
            </div> <!-- main-panel-content rounded-window-bottom -->
          </div> <!-- suite-Automation_practice_Test_Suite-class-skipped -->
          <div class="suite-Automation_practice_Test_Suite-class-passed">
            <div class="main-panel-header rounded-window-top">
              <img src="passed.png"/>
              <span class="class-name">com.ui.tests.SearchedProductCheckoutTest</span>
            </div> <!-- main-panel-header rounded-window-top -->
            <div class="main-panel-content rounded-window-bottom">
              <div class="method">
                <div class="method-content">
                  <a name="checkoutTest">
                  </a> <!-- checkoutTest -->
                  <span class="method-name">checkoutTest</span>
                  <em>
(Verify if the logged in user is able to buy a dress)                  </em>
                </div> <!-- method-content -->
              </div> <!-- method -->
            </div> <!-- main-panel-content rounded-window-bottom -->
          </div> <!-- suite-Automation_practice_Test_Suite-class-passed -->
          <div class="suite-Automation_practice_Test_Suite-class-passed">
            <div class="main-panel-header rounded-window-top">
              <img src="passed.png"/>
              <span class="class-name">com.ui.tests.LoginTestWithInvalidCreds</span>
            </div> <!-- main-panel-header rounded-window-top -->
            <div class="main-panel-content rounded-window-bottom">
              <div class="method">
                <div class="method-content">
                  <a name="LoginCSVTestWithInvalidCreds(User [emailAddress=uday123@gmail.com, password=1234567890])">
                  </a> <!-- LoginCSVTestWithInvalidCreds(User [emailAddress=uday123@gmail.com, password=1234567890]) -->
                  <span class="method-name">LoginCSVTestWithInvalidCreds</span>
                  <span class="parameters">(User [emailAddress=uday123@gmail.com, password=1234567890])</span>
                  <em>
(Verify proper error message is shown when the user try to login with invalid credentials)                  </em>
                </div> <!-- method-content -->
              </div> <!-- method -->
              <div class="method">
                <div class="method-content">
                  <a name="LoginCSVTestWithInvalidCreds(User [emailAddress=abhi0037@gmail.com, password=123456890])">
                  </a> <!-- LoginCSVTestWithInvalidCreds(User [emailAddress=abhi0037@gmail.com, password=123456890]) -->
                  <span class="method-name">LoginCSVTestWithInvalidCreds</span>
                  <span class="parameters">(User [emailAddress=abhi0037@gmail.com, password=123456890])</span>
                  <em>
(Verify proper error message is shown when the user try to login with invalid credentials)                  </em>
                </div> <!-- method-content -->
              </div> <!-- method -->
            </div> <!-- main-panel-content rounded-window-bottom -->
          </div> <!-- suite-Automation_practice_Test_Suite-class-passed -->
          <div class="suite-Automation_practice_Test_Suite-class-passed">
            <div class="main-panel-header rounded-window-top">
              <img src="passed.png"/>
              <span class="class-name">com.ui.tests.LoginTest</span>
            </div> <!-- main-panel-header rounded-window-top -->
            <div class="main-panel-content rounded-window-bottom">
              <div class="method">
                <div class="method-content">
                  <a name="LoginCSVTest(User [emailAddress=metod46664@anypng.com, password=123456789])">
                  </a> <!-- LoginCSVTest(User [emailAddress=metod46664@anypng.com, password=123456789]) -->
                  <span class="method-name">LoginCSVTest</span>
                  <span class="parameters">(User [emailAddress=metod46664@anypng.com, password=123456789])</span>
                  <em>
(Verify valid user is able to login into the application)                  </em>
                </div> <!-- method-content -->
              </div> <!-- method -->
            </div> <!-- main-panel-content rounded-window-bottom -->
          </div> <!-- suite-Automation_practice_Test_Suite-class-passed -->
          <div class="suite-Automation_practice_Test_Suite-class-passed">
            <div class="main-panel-header rounded-window-top">
              <img src="passed.png"/>
              <span class="class-name">com.ui.tests.ProductSearchTest</span>
            </div> <!-- main-panel-header rounded-window-top -->
            <div class="main-panel-content rounded-window-bottom">
              <div class="method">
                <div class="method-content">
                  <a name="verifyProductSearchTest">
                  </a> <!-- verifyProductSearchTest -->
                  <span class="method-name">verifyProductSearchTest</span>
                  <em>
(verify if the user is able to search the product and correct products search resultsare displayed)                  </em>
                </div> <!-- method-content -->
              </div> <!-- method -->
            </div> <!-- main-panel-content rounded-window-bottom -->
          </div> <!-- suite-Automation_practice_Test_Suite-class-passed -->
        </div> <!-- panel Automation_practice_Test_Suite -->
        <div panel-name="test-xml-Automation_practice_Test_Suite" class="panel">
          <div class="main-panel-header rounded-window-top">
            <span class="header-content">C:\Users\Tanya Narain\eclipse-workspace\selenium_personal_project\testng.xml</span>
          </div> <!-- main-panel-header rounded-window-top -->
          <div class="main-panel-content rounded-window-bottom">
            <pre>
&lt;?xml version=&quot;1.0&quot; encoding=&quot;UTF-8&quot;?&gt;
&lt;!DOCTYPE suite SYSTEM &quot;https://testng.org/testng-1.0.dtd&quot;&gt;
&lt;suite parallel=&quot;methods&quot; name=&quot;Automation practice Test Suite&quot;&gt;
  &lt;test thread-count=&quot;5&quot; parallel=&quot;methods&quot; name=&quot;UI Automation Test&quot;&gt;
    &lt;parameter name=&quot;isHeadLess&quot; value=&quot;true&quot;/&gt;
    &lt;parameter name=&quot;isLamdaTest&quot; value=&quot;false&quot;/&gt;
    &lt;classes&gt;
      &lt;class name=&quot;com.ui.tests.LoginTest&quot;/&gt;
      &lt;class name=&quot;com.ui.tests.LoginTestWithInvalidCreds&quot;/&gt;
      &lt;class name=&quot;com.ui.tests.PostLoginAddFirstAddressTest&quot;/&gt;
      &lt;class name=&quot;com.ui.tests.ProductSearchTest&quot;/&gt;
      &lt;class name=&quot;com.ui.tests.SearchedProductCheckoutTest&quot;/&gt;
    &lt;/classes&gt;
  &lt;/test&gt; &lt;!-- UI Automation Test --&gt;
&lt;/suite&gt; &lt;!-- Automation practice Test Suite --&gt;
            </pre>
          </div> <!-- main-panel-content rounded-window-bottom -->
        </div> <!-- panel -->
        <div panel-name="testlist-Automation_practice_Test_Suite" class="panel">
          <div class="main-panel-header rounded-window-top">
            <span class="header-content">Tests for Automation practice Test Suite</span>
          </div> <!-- main-panel-header rounded-window-top -->
          <div class="main-panel-content rounded-window-bottom">
            <ul>
              <li>
                <span class="test-name">UI Automation Test (5 classes)</span>
              </li>
            </ul>
          </div> <!-- main-panel-content rounded-window-bottom -->
        </div> <!-- panel -->
        <div panel-name="group-Automation_practice_Test_Suite" class="panel">
          <div class="main-panel-header rounded-window-top">
            <span class="header-content">Groups for Automation practice Test Suite</span>
          </div> <!-- main-panel-header rounded-window-top -->
          <div class="main-panel-content rounded-window-bottom">
            <div class="test-group">
              <span class="test-group-name">e2e</span>
              <br/>
              <div class="method-in-group">
                <span class="method-in-group-name">LoginCSVTest</span>
                <br/>
              </div> <!-- method-in-group -->
              <div class="method-in-group">
                <span class="method-in-group-name">LoginCSVTestWithInvalidCreds</span>
                <br/>
              </div> <!-- method-in-group -->
              <div class="method-in-group">
                <span class="method-in-group-name">checkoutTest</span>
                <br/>
              </div> <!-- method-in-group -->
              <div class="method-in-group">
                <span class="method-in-group-name">verifyProductSearchTest</span>
                <br/>
              </div> <!-- method-in-group -->
            </div> <!-- test-group -->
            <div class="test-group">
              <span class="test-group-name">sanity</span>
              <br/>
              <div class="method-in-group">
                <span class="method-in-group-name">LoginCSVTest</span>
                <br/>
              </div> <!-- method-in-group -->
              <div class="method-in-group">
                <span class="method-in-group-name">LoginCSVTestWithInvalidCreds</span>
                <br/>
              </div> <!-- method-in-group -->
              <div class="method-in-group">
                <span class="method-in-group-name">checkoutTest</span>
                <br/>
              </div> <!-- method-in-group -->
              <div class="method-in-group">
                <span class="method-in-group-name">verifyProductSearchTest</span>
                <br/>
              </div> <!-- method-in-group -->
            </div> <!-- test-group -->
          </div> <!-- main-panel-content rounded-window-bottom -->
        </div> <!-- panel -->
        <div panel-name="times-Automation_practice_Test_Suite" class="panel">
          <div class="main-panel-header rounded-window-top">
            <span class="header-content">Times for Automation practice Test Suite</span>
          </div> <!-- main-panel-header rounded-window-top -->
          <div class="main-panel-content rounded-window-bottom">
            <div class="times-div">
              <script type="text/javascript">
suiteTableInitFunctions.push('tableData_Automation_practice_Test_Suite');
function tableData_Automation_practice_Test_Suite() {
var data = new google.visualization.DataTable();
data.addColumn('number', 'Number');
data.addColumn('string', 'Method');
data.addColumn('string', 'Class');
data.addColumn('number', 'Time (ms)');
data.addRows(15);
data.setCell(0, 0, 0)
data.setCell(0, 1, 'LoginCSVTest')
data.setCell(0, 2, 'com.ui.tests.LoginTest')
data.setCell(0, 3, 33617);
data.setCell(1, 0, 1)
data.setCell(1, 1, 'LoginCSVTestWithInvalidCreds')
data.setCell(1, 2, 'com.ui.tests.LoginTestWithInvalidCreds')
data.setCell(1, 3, 32868);
data.setCell(2, 0, 2)
data.setCell(2, 1, 'LoginCSVTest')
data.setCell(2, 2, 'com.ui.tests.LoginTest')
data.setCell(2, 3, 32044);
data.setCell(3, 0, 3)
data.setCell(3, 1, 'LoginCSVTest')
data.setCell(3, 2, 'com.ui.tests.LoginTest')
data.setCell(3, 3, 32005);
data.setCell(4, 0, 4)
data.setCell(4, 1, 'LoginCSVTest')
data.setCell(4, 2, 'com.ui.tests.LoginTest')
data.setCell(4, 3, 31679);
data.setCell(5, 0, 5)
data.setCell(5, 1, 'LoginCSVTest')
data.setCell(5, 2, 'com.ui.tests.LoginTest')
data.setCell(5, 3, 31653);
data.setCell(6, 0, 6)
data.setCell(6, 1, 'LoginCSVTest')
data.setCell(6, 2, 'com.ui.tests.LoginTest')
data.setCell(6, 3, 31648);
data.setCell(7, 0, 7)
data.setCell(7, 1, 'LoginCSVTest')
data.setCell(7, 2, 'com.ui.tests.LoginTest')
data.setCell(7, 3, 31610);
data.setCell(8, 0, 8)
data.setCell(8, 1, 'LoginCSVTest')
data.setCell(8, 2, 'com.ui.tests.LoginTest')
data.setCell(8, 3, 31542);
data.setCell(9, 0, 9)
data.setCell(9, 1, 'addNewAddress')
data.setCell(9, 2, 'com.ui.tests.PostLoginAddFirstAddressTest')
data.setCell(9, 3, 30089);
data.setCell(10, 0, 10)
data.setCell(10, 1, 'checkoutTest')
data.setCell(10, 2, 'com.ui.tests.SearchedProductCheckoutTest')
data.setCell(10, 3, 13450);
data.setCell(11, 0, 11)
data.setCell(11, 1, 'verifyProductSearchTest')
data.setCell(11, 2, 'com.ui.tests.ProductSearchTest')
data.setCell(11, 3, 2155);
data.setCell(12, 0, 12)
data.setCell(12, 1, 'LoginCSVTestWithInvalidCreds')
data.setCell(12, 2, 'com.ui.tests.LoginTestWithInvalidCreds')
data.setCell(12, 3, 2126);
data.setCell(13, 0, 13)
data.setCell(13, 1, 'LoginCSVTest')
data.setCell(13, 2, 'com.ui.tests.LoginTest')
data.setCell(13, 3, 1866);
data.setCell(14, 0, 14)
data.setCell(14, 1, 'LoginCSVTestWithInvalidCreds')
data.setCell(14, 2, 'com.ui.tests.LoginTestWithInvalidCreds')
data.setCell(14, 3, 1601);
window.suiteTableData['Automation_practice_Test_Suite']= { tableData: data, tableDiv: 'times-div-Automation_practice_Test_Suite'}
return data;
}
              </script>
              <span class="suite-total-time">Total running time: 5 minutes</span>
              <div id="times-div-Automation_practice_Test_Suite">
              </div> <!-- times-div-Automation_practice_Test_Suite -->
            </div> <!-- times-div -->
          </div> <!-- main-panel-content rounded-window-bottom -->
        </div> <!-- panel -->
        <div panel-name="reporter-Automation_practice_Test_Suite" class="panel">
          <div class="main-panel-header rounded-window-top">
            <span class="header-content">Reporter output for Automation practice Test Suite</span>
          </div> <!-- main-panel-header rounded-window-top -->
          <div class="main-panel-content rounded-window-bottom">
          </div> <!-- main-panel-content rounded-window-bottom -->
        </div> <!-- panel -->
        <div panel-name="ignored-methods-Automation_practice_Test_Suite" class="panel">
          <div class="main-panel-header rounded-window-top">
            <span class="header-content">0 ignored methods</span>
          </div> <!-- main-panel-header rounded-window-top -->
          <div class="main-panel-content rounded-window-bottom">
          </div> <!-- main-panel-content rounded-window-bottom -->
        </div> <!-- panel -->
        <div panel-name="chronological-Automation_practice_Test_Suite" class="panel">
          <div class="main-panel-header rounded-window-top">
            <span class="header-content">Methods in chronological order</span>
          </div> <!-- main-panel-header rounded-window-top -->
          <div class="main-panel-content rounded-window-bottom">
            <div class="chronological-class">
              <div class="chronological-class-name">com.ui.tests.PostLoginAddFirstAddressTest</div> <!-- chronological-class-name -->
              <div class="configuration-method before">
                <span class="method-name">setUp(chrome, false, true, [TestResult name={null} status=CREATED method=PostLoginAddFirstAddressTest.addN...)</span>
                <span class="method-start">0 ms</span>
              </div> <!-- configuration-method before -->
            </div> <!-- chronological-class -->
            <div class="chronological-class">
              <div class="chronological-class-name">com.ui.tests.ProductSearchTest</div> <!-- chronological-class-name -->
              <div class="configuration-method before">
                <span class="method-name">setUp(chrome, false, true, [TestResult name={null} status=CREATED method=ProductSearchTest.verifyProductSe...)</span>
                <span class="method-start">2 ms</span>
              </div> <!-- configuration-method before -->
            </div> <!-- chronological-class -->
            <div class="chronological-class">
              <div class="chronological-class-name">com.ui.tests.SearchedProductCheckoutTest</div> <!-- chronological-class-name -->
              <div class="configuration-method before">
                <span class="method-name">setUp(chrome, false, true, [TestResult name={null} status=CREATED method=SearchedProductCheckoutTest.check...)</span>
                <span class="method-start">3 ms</span>
              </div> <!-- configuration-method before -->
            </div> <!-- chronological-class -->
            <div class="chronological-class">
              <div class="chronological-class-name">com.ui.tests.LoginTest</div> <!-- chronological-class-name -->
              <div class="configuration-method before">
                <span class="method-name">setUp(chrome, false, true, [TestResult name={null} status=CREATED method=LoginTest.LoginCSVTest(com.ui.poj...)</span>
                <span class="method-start">29 ms</span>
              </div> <!-- configuration-method before -->
            </div> <!-- chronological-class -->
            <div class="chronological-class">
              <div class="chronological-class-name">com.ui.tests.LoginTestWithInvalidCreds</div> <!-- chronological-class-name -->
              <div class="configuration-method before">
                <span class="method-name">setUp(chrome, false, true, [TestResult name={null} status=CREATED method=LoginTestWithInvalidCreds.LoginCS...)</span>
                <span class="method-start">29 ms</span>
              </div> <!-- configuration-method before -->
            </div> <!-- chronological-class -->
            <div class="chronological-class">
              <div class="chronological-class-name">com.ui.tests.ProductSearchTest</div> <!-- chronological-class-name -->
              <div class="configuration-method before">
                <span class="method-name">validUserLogin</span>
                <span class="method-start">8483 ms</span>
              </div> <!-- configuration-method before -->
            </div> <!-- chronological-class -->
            <div class="chronological-class">
              <div class="chronological-class-name">com.ui.tests.LoginTestWithInvalidCreds</div> <!-- chronological-class-name -->
              <div class="test-method">
                <span class="method-name">LoginCSVTestWithInvalidCreds(User [emailAddress=abhi0037@gmail.com, password=123456890])</span>
                <span class="method-start">8494 ms</span>
              </div> <!-- test-method -->
            </div> <!-- chronological-class -->
            <div class="chronological-class">
              <div class="chronological-class-name">com.ui.tests.SearchedProductCheckoutTest</div> <!-- chronological-class-name -->
              <div class="configuration-method before">
                <span class="method-name">validUserLoginInTheApplicationAndSearchedAproduct</span>
                <span class="method-start">8619 ms</span>
              </div> <!-- configuration-method before -->
            </div> <!-- chronological-class -->
            <div class="chronological-class">
              <div class="chronological-class-name">com.ui.tests.LoginTest</div> <!-- chronological-class-name -->
              <div class="test-method">
                <span class="method-name">LoginCSVTest(User [emailAddress=abhi0037@gmail.com, password=123456890])</span>
                <span class="method-start">8638 ms</span>
              </div> <!-- test-method -->
            </div> <!-- chronological-class -->
            <div class="chronological-class">
              <div class="chronological-class-name">com.ui.tests.PostLoginAddFirstAddressTest</div> <!-- chronological-class-name -->
              <div class="configuration-method before">
                <span class="method-name">validUserLoginInTheApplication</span>
                <span class="method-start">8652 ms</span>
              </div> <!-- configuration-method before -->
            </div> <!-- chronological-class -->
            <div class="chronological-class">
              <div class="chronological-class-name">com.ui.tests.LoginTestWithInvalidCreds</div> <!-- chronological-class-name -->
              <div class="configuration-method after">
                <span class="method-name">tearDown</span>
                <span class="method-start">10633 ms</span>
              </div> <!-- configuration-method after -->
              <div class="configuration-method before">
                <span class="method-name">setUp(chrome, false, true, [TestResult name={null} status=CREATED method=LoginTestWithInvalidCreds.LoginCS...)</span>
                <span class="method-start">10742 ms</span>
              </div> <!-- configuration-method before -->
            </div> <!-- chronological-class -->
            <div class="chronological-class">
              <div class="chronological-class-name">com.ui.tests.ProductSearchTest</div> <!-- chronological-class-name -->
              <div class="test-method">
                <span class="method-name">verifyProductSearchTest</span>
                <span class="method-start">12265 ms</span>
              </div> <!-- test-method -->
            </div> <!-- chronological-class -->
            <div class="chronological-class">
              <div class="chronological-class-name">com.ui.tests.PostLoginAddFirstAddressTest</div> <!-- chronological-class-name -->
              <div class="test-method">
                <img src="failed.png">
                </img>
                <span class="method-name">addNewAddress</span>
                <span class="method-start">13092 ms</span>
              </div> <!-- test-method -->
            </div> <!-- chronological-class -->
            <div class="chronological-class">
              <div class="chronological-class-name">com.ui.tests.ProductSearchTest</div> <!-- chronological-class-name -->
              <div class="configuration-method after">
                <span class="method-name">tearDown</span>
                <span class="method-start">14423 ms</span>
              </div> <!-- configuration-method after -->
            </div> <!-- chronological-class -->
            <div class="chronological-class">
              <div class="chronological-class-name">com.ui.tests.SearchedProductCheckoutTest</div> <!-- chronological-class-name -->
              <div class="test-method">
                <span class="method-name">checkoutTest</span>
                <span class="method-start">14916 ms</span>
              </div> <!-- test-method -->
            </div> <!-- chronological-class -->
            <div class="chronological-class">
              <div class="chronological-class-name">com.ui.tests.LoginTestWithInvalidCreds</div> <!-- chronological-class-name -->
              <div class="test-method">
                <img src="failed.png">
                </img>
                <span class="method-name">LoginCSVTestWithInvalidCreds(User [emailAddress=metod46664@anypng.com, password=123456789])</span>
                <span class="method-start">16473 ms</span>
              </div> <!-- test-method -->
            </div> <!-- chronological-class -->
            <div class="chronological-class">
              <div class="chronological-class-name">com.ui.tests.SearchedProductCheckoutTest</div> <!-- chronological-class-name -->
              <div class="configuration-method after">
                <span class="method-name">tearDown</span>
                <span class="method-start">28368 ms</span>
              </div> <!-- configuration-method after -->
            </div> <!-- chronological-class -->
            <div class="chronological-class">
              <div class="chronological-class-name">com.ui.tests.LoginTest</div> <!-- chronological-class-name -->
              <div class="configuration-method after">
                <span class="method-name">tearDown</span>
                <span class="method-start">40690 ms</span>
              </div> <!-- configuration-method after -->
              <div class="configuration-method before">
                <span class="method-name">setUp(chrome, false, true, [TestResult name={null} status=CREATED method=LoginTest.LoginCSVTest(com.ui.poj...)</span>
                <span class="method-start">40806 ms</span>
              </div> <!-- configuration-method before -->
            </div> <!-- chronological-class -->
            <div class="chronological-class">
              <div class="chronological-class-name">com.ui.tests.PostLoginAddFirstAddressTest</div> <!-- chronological-class-name -->
              <div class="configuration-method after">
                <span class="method-name">tearDown</span>
                <span class="method-start">43351 ms</span>
              </div> <!-- configuration-method after -->
            </div> <!-- chronological-class -->
            <div class="chronological-class">
              <div class="chronological-class-name">com.ui.tests.LoginTest</div> <!-- chronological-class-name -->
              <div class="test-method">
                <span class="method-name">LoginCSVTest(User [emailAddress=abhi0037@gmail.com, password=123456890])</span>
                <span class="method-start">44634 ms</span>
              </div> <!-- test-method -->
            </div> <!-- chronological-class -->
            <div class="chronological-class">
              <div class="chronological-class-name">com.ui.tests.LoginTestWithInvalidCreds</div> <!-- chronological-class-name -->
              <div class="configuration-method after">
                <span class="method-name">tearDown</span>
                <span class="method-start">49482 ms</span>
              </div> <!-- configuration-method after -->
              <div class="configuration-method before">
                <span class="method-name">setUp(chrome, false, true, [TestResult name={null} status=CREATED method=LoginTestWithInvalidCreds.LoginCS...)</span>
                <span class="method-start">49629 ms</span>
              </div> <!-- configuration-method before -->
              <div class="test-method">
                <span class="method-name">LoginCSVTestWithInvalidCreds(User [emailAddress=uday123@gmail.com, password=1234567890])</span>
                <span class="method-start">53636 ms</span>
              </div> <!-- test-method -->
              <div class="configuration-method after">
                <span class="method-name">tearDown</span>
                <span class="method-start">55238 ms</span>
              </div> <!-- configuration-method after -->
            </div> <!-- chronological-class -->
            <div class="chronological-class">
              <div class="chronological-class-name">com.ui.tests.LoginTest</div> <!-- chronological-class-name -->
              <div class="configuration-method after">
                <span class="method-name">tearDown</span>
                <span class="method-start">76247 ms</span>
              </div> <!-- configuration-method after -->
              <div class="configuration-method before">
                <span class="method-name">setUp(chrome, false, true, [TestResult name={null} status=CREATED method=LoginTest.LoginCSVTest(com.ui.poj...)</span>
                <span class="method-start">76394 ms</span>
              </div> <!-- configuration-method before -->
              <div class="test-method">
                <span class="method-name">LoginCSVTest(User [emailAddress=abhi0037@gmail.com, password=123456890])</span>
                <span class="method-start">78081 ms</span>
              </div> <!-- test-method -->
              <div class="configuration-method after">
                <span class="method-name">tearDown</span>
                <span class="method-start">111700 ms</span>
              </div> <!-- configuration-method after -->
              <div class="configuration-method before">
                <span class="method-name">setUp(chrome, false, true, [TestResult name={null} status=CREATED method=LoginTest.LoginCSVTest(com.ui.poj...)</span>
                <span class="method-start">111840 ms</span>
              </div> <!-- configuration-method before -->
              <div class="test-method">
                <img src="failed.png">
                </img>
                <span class="method-name">LoginCSVTest(User [emailAddress=abhi0037@gmail.com, password=123456890])</span>
                <span class="method-start">115491 ms</span>
              </div> <!-- test-method -->
              <div class="configuration-method after">
                <span class="method-name">tearDown</span>
                <span class="method-start">147248 ms</span>
              </div> <!-- configuration-method after -->
              <div class="configuration-method before">
                <span class="method-name">setUp(chrome, false, true, [TestResult name={null} status=CREATED method=LoginTest.LoginCSVTest(com.ui.poj...)</span>
                <span class="method-start">147391 ms</span>
              </div> <!-- configuration-method before -->
              <div class="test-method">
                <span class="method-name">LoginCSVTest(User [emailAddress=metod46664@anypng.com, password=123456789])</span>
                <span class="method-start">151158 ms</span>
              </div> <!-- test-method -->
              <div class="configuration-method after">
                <span class="method-name">tearDown</span>
                <span class="method-start">153026 ms</span>
              </div> <!-- configuration-method after -->
              <div class="configuration-method before">
                <span class="method-name">setUp(chrome, false, true, [TestResult name={null} status=CREATED method=LoginTest.LoginCSVTest(com.ui.poj...)</span>
                <span class="method-start">153148 ms</span>
              </div> <!-- configuration-method before -->
              <div class="test-method">
                <span class="method-name">LoginCSVTest(User [emailAddress=uday123@gmail.com, password=1234567890])</span>
                <span class="method-start">157194 ms</span>
              </div> <!-- test-method -->
              <div class="configuration-method after">
                <span class="method-name">tearDown</span>
                <span class="method-start">188876 ms</span>
              </div> <!-- configuration-method after -->
              <div class="configuration-method before">
                <span class="method-name">setUp(chrome, false, true, [TestResult name={null} status=CREATED method=LoginTest.LoginCSVTest(com.ui.poj...)</span>
                <span class="method-start">189011 ms</span>
              </div> <!-- configuration-method before -->
              <div class="test-method">
                <span class="method-name">LoginCSVTest(User [emailAddress=uday123@gmail.com, password=1234567890])</span>
                <span class="method-start">192821 ms</span>
              </div> <!-- test-method -->
              <div class="configuration-method after">
                <span class="method-name">tearDown</span>
                <span class="method-start">224477 ms</span>
              </div> <!-- configuration-method after -->
              <div class="configuration-method before">
                <span class="method-name">setUp(chrome, false, true, [TestResult name={null} status=CREATED method=LoginTest.LoginCSVTest(com.ui.poj...)</span>
                <span class="method-start">224609 ms</span>
              </div> <!-- configuration-method before -->
              <div class="test-method">
                <span class="method-name">LoginCSVTest(User [emailAddress=uday123@gmail.com, password=1234567890])</span>
                <span class="method-start">228624 ms</span>
              </div> <!-- test-method -->
              <div class="configuration-method after">
                <span class="method-name">tearDown</span>
                <span class="method-start">260632 ms</span>
              </div> <!-- configuration-method after -->
              <div class="configuration-method before">
                <span class="method-name">setUp(chrome, false, true, [TestResult name={null} status=CREATED method=LoginTest.LoginCSVTest(com.ui.poj...)</span>
                <span class="method-start">260769 ms</span>
              </div> <!-- configuration-method before -->
              <div class="test-method">
                <img src="failed.png">
                </img>
                <span class="method-name">LoginCSVTest(User [emailAddress=uday123@gmail.com, password=1234567890])</span>
                <span class="method-start">264542 ms</span>
              </div> <!-- test-method -->
              <div class="configuration-method after">
                <span class="method-name">tearDown</span>
                <span class="method-start">296186 ms</span>
              </div> <!-- configuration-method after -->
          </div> <!-- main-panel-content rounded-window-bottom -->
        </div> <!-- panel -->
      </div> <!-- main-panel-root -->
    </div> <!-- wrapper -->
  </body>
<script type="text/javascript" src="testng-reports2.js"></script>
</html>
